Using pre-set license
Built from '2023.2/staging' branch; Version is '2023.2.20f1 (0e25a174756c) revision 927137'; Using compiler version '193431935'; Build Type 'Release'
OS: 'Windows 10  (10.0.19045) 64bit CoreSingleLanguage' Language: 'en' Physical Memory: 16150 MB
BatchMode: 1, IsHumanControllingUs: 0, StartBugReporterOnCrash: 0, Is64bit: 1, IsPro: 1

COMMAND LINE ARGUMENTS:
C:\Program Files\Unity Versions\2023.2.20f1\Editor\Unity.exe
-adb2
-batchMode
-noUpm
-name
AssetImportWorker0
-projectPath
C:/Users/HP/Documents/GitHub/OUA-MezuniyetBootcamp-UnityGrup107
-logFile
Logs/AssetImportWorker0.log
-srvPort
60661
-job-worker-count
5
-background-job-worker-count
8
-asset-garbage-collectors
1
Successfully changed project path to: C:/Users/HP/Documents/GitHub/OUA-MezuniyetBootcamp-UnityGrup107
C:/Users/HP/Documents/GitHub/OUA-MezuniyetBootcamp-UnityGrup107
[UnityMemory] Configuration Parameters - Can be set up in boot.config
    "memorysetup-bucket-allocator-granularity=16"
    "memorysetup-bucket-allocator-bucket-count=8"
    "memorysetup-bucket-allocator-block-size=33554432"
    "memorysetup-bucket-allocator-block-count=8"
    "memorysetup-main-allocator-block-size=16777216"
    "memorysetup-thread-allocator-block-size=16777216"
    "memorysetup-gfx-main-allocator-block-size=16777216"
    "memorysetup-gfx-thread-allocator-block-size=16777216"
    "memorysetup-cache-allocator-block-size=4194304"
    "memorysetup-typetree-allocator-block-size=2097152"
    "memorysetup-profiler-bucket-allocator-granularity=16"
    "memorysetup-profiler-bucket-allocator-bucket-count=8"
    "memorysetup-profiler-bucket-allocator-block-size=33554432"
    "memorysetup-profiler-bucket-allocator-block-count=8"
    "memorysetup-profiler-allocator-block-size=16777216"
    "memorysetup-profiler-editor-allocator-block-size=1048576"
    "memorysetup-temp-allocator-size-main=16777216"
    "memorysetup-job-temp-allocator-block-size=2097152"
    "memorysetup-job-temp-allocator-block-size-background=1048576"
    "memorysetup-job-temp-allocator-reduction-small-platforms=262144"
    "memorysetup-allocator-temp-initial-block-size-main=262144"
    "memorysetup-allocator-temp-initial-block-size-worker=262144"
    "memorysetup-temp-allocator-size-background-worker=32768"
    "memorysetup-temp-allocator-size-job-worker=262144"
    "memorysetup-temp-allocator-size-preload-manager=33554432"
    "memorysetup-temp-allocator-size-nav-mesh-worker=65536"
    "memorysetup-temp-allocator-size-audio-worker=65536"
    "memorysetup-temp-allocator-size-cloud-worker=32768"
    "memorysetup-temp-allocator-size-gi-baking-worker=262144"
    "memorysetup-temp-allocator-size-gi-baking-worker=262144"
    "memorysetup-temp-allocator-size-gi-baking-worker=262144"
    "memorysetup-temp-allocator-size-gi-baking-worker=262144"
    "memorysetup-temp-allocator-size-gfx=262144"
Player connection [17296] Host "[IP] 192.168.1.64 [Port] 0 [Flags] 2 [Guid] 2448297679 [EditorId] 2448297679 [Version] 1048832 [Id] WindowsEditor(7,EST-HP) [Debug] 1 [PackageName] WindowsEditor [ProjectName] Editor" joined multi-casting on [225.0.0.222:54997]...
Player connection [17296] Host "[IP] 192.168.1.64 [Port] 0 [Flags] 2 [Guid] 2448297679 [EditorId] 2448297679 [Version] 1048832 [Id] WindowsEditor(7,EST-HP) [Debug] 1 [PackageName] WindowsEditor [ProjectName] Editor" joined alternative multi-casting on [225.0.0.222:34997]...
JobSystem: Creating JobQueue using job-worker-count value 5
[Physics::Module] Initialized MultithreadedJobDispatcher with 5 workers.
Library Redirect Path: Library/
Refreshing native plugins compatible for Editor in 2.51 ms, found 3 plugins.
Preloading 0 native plugins for Editor in 0.00 ms.
Initialize engine version: 2023.2.20f1 (0e25a174756c)
[Subsystems] Discovering subsystems at path C:/Program Files/Unity Versions/2023.2.20f1/Editor/Data/Resources/UnitySubsystems
[Subsystems] Discovering subsystems at path C:/Users/HP/Documents/GitHub/OUA-MezuniyetBootcamp-UnityGrup107/Assets
GfxDevice: creating device client; kGfxThreadingModeNonThreaded
Direct3D:
    Version:  Direct3D 11.0 [level 11.1]
    Renderer: NVIDIA GeForce RTX 2070 with Max-Q Design (ID=0x1f14)
    Vendor:   NVIDIA
    VRAM:     8006 MB
    Driver:   32.0.15.5599
Initialize mono
Mono path[0] = 'C:/Program Files/Unity Versions/2023.2.20f1/Editor/Data/Managed'
Mono path[1] = 'C:/Program Files/Unity Versions/2023.2.20f1/Editor/Data/MonoBleedingEdge/lib/mono/unityjit-win32'
Mono config path = 'C:/Program Files/Unity Versions/2023.2.20f1/Editor/Data/MonoBleedingEdge/etc'
Using monoOptions --debugger-agent=transport=dt_socket,embedding=1,server=y,suspend=n,address=127.0.0.1:56656
Begin MonoManager ReloadAssembly
Registering precompiled unity dll's ...
Register platform support module: C:/Program Files/Unity Versions/2023.2.20f1/Editor/Data/PlaybackEngines/WindowsStandaloneSupport/UnityEditor.WindowsStandalone.Extensions.dll
Register platform support module: C:/Program Files/Unity Versions/2023.2.20f1/Editor/Data/PlaybackEngines/AndroidPlayer/UnityEditor.Android.Extensions.dll
Registered in 0.007009 seconds.
- Loaded All Assemblies, in  0.820 seconds
Native extension for Android target not found
Android Extension - Scanning For ADB Devices 369 ms
Native extension for WindowsStandalone target not found
Mono: successfully reloaded assembly
- Finished resetting the current domain, in  1.090 seconds
Domain Reload Profiling: 1905ms
	BeginReloadAssembly (240ms)
		ExecutionOrderSort (0ms)
		DisableScriptedObjects (0ms)
		BackupInstance (0ms)
		ReleaseScriptingObjects (0ms)
		CreateAndSetChildDomain (1ms)
	RebuildCommonClasses (79ms)
	RebuildNativeTypeToScriptingClass (30ms)
	initialDomainReloadingComplete (87ms)
	LoadAllAssembliesAndSetupDomain (378ms)
		LoadAssemblies (234ms)
		RebuildTransferFunctionScriptingTraits (0ms)
		AnalyzeDomain (372ms)
			TypeCache.Refresh (369ms)
				TypeCache.ScanAssembly (334ms)
			BuildScriptInfoCaches (0ms)
			ResolveRequiredComponents (1ms)
	FinalizeReload (1091ms)
		ReleaseScriptCaches (0ms)
		RebuildScriptCaches (0ms)
		SetupLoadedEditorAssemblies (990ms)
			LogAssemblyErrors (0ms)
			InitializePlatformSupportModulesInManaged (582ms)
			SetLoadedEditorAssemblies (6ms)
			BeforeProcessingInitializeOnLoad (8ms)
			ProcessInitializeOnLoadAttributes (290ms)
			ProcessInitializeOnLoadMethodAttributes (103ms)
			AfterProcessingInitializeOnLoad (0ms)
			EditorAssembliesLoaded (0ms)
		ExecutionOrderSort2 (0ms)
		AwakeInstancesAfterBackupRestoration (0ms)
========================================================================
Worker process is ready to serve import requests
Import Worker Mode flag is 0x00
Begin MonoManager ReloadAssembly
Symbol file LoadedFromMemory doesn't match image C:\Users\HP\Documents\GitHub\OUA-MezuniyetBootcamp-UnityGrup107\Library\PackageCache\com.unity.visualscripting@1.8.0\Editor\VisualScripting.Core\Dependencies\YamlDotNet\Unity.VisualScripting.YamlDotNet.dll
Symbol file LoadedFromMemory doesn't match image C:\Users\HP\Documents\GitHub\OUA-MezuniyetBootcamp-UnityGrup107\Library\PackageCache\com.unity.visualscripting@1.8.0\Editor\VisualScripting.Core\Dependencies\DotNetZip\Unity.VisualScripting.IonicZip.dll
- Loaded All Assemblies, in  1.671 seconds
Refreshing native plugins compatible for Editor in 1.41 ms, found 3 plugins.
Native extension for Android target not found
Native extension for WindowsStandalone target not found
Mono: successfully reloaded assembly
- Finished resetting the current domain, in  1.044 seconds
Domain Reload Profiling: 2707ms
	BeginReloadAssembly (737ms)
		ExecutionOrderSort (0ms)
		DisableScriptedObjects (14ms)
		BackupInstance (0ms)
		ReleaseScriptingObjects (0ms)
		CreateAndSetChildDomain (61ms)
	RebuildCommonClasses (83ms)
	RebuildNativeTypeToScriptingClass (28ms)
	initialDomainReloadingComplete (79ms)
	LoadAllAssembliesAndSetupDomain (735ms)
		LoadAssemblies (628ms)
		RebuildTransferFunctionScriptingTraits (0ms)
		AnalyzeDomain (330ms)
			TypeCache.Refresh (288ms)
				TypeCache.ScanAssembly (262ms)
			BuildScriptInfoCaches (31ms)
			ResolveRequiredComponents (7ms)
	FinalizeReload (1044ms)
		ReleaseScriptCaches (0ms)
		RebuildScriptCaches (0ms)
		SetupLoadedEditorAssemblies (704ms)
			LogAssemblyErrors (0ms)
			InitializePlatformSupportModulesInManaged (30ms)
			SetLoadedEditorAssemblies (6ms)
			BeforeProcessingInitializeOnLoad (78ms)
			ProcessInitializeOnLoadAttributes (549ms)
			ProcessInitializeOnLoadMethodAttributes (32ms)
			AfterProcessingInitializeOnLoad (10ms)
			EditorAssembliesLoaded (0ms)
		ExecutionOrderSort2 (0ms)
		AwakeInstancesAfterBackupRestoration (12ms)
Launched and connected shader compiler UnityShaderCompiler.exe after 0.02 seconds
Refreshing native plugins compatible for Editor in 1.23 ms, found 3 plugins.
Preloading 0 native plugins for Editor in 0.00 ms.
Unloading 9 Unused Serialized files (Serialized files now loaded: 0)
Unloading 3146 unused Assets / (1.5 MB). Loaded Objects now: 3730.
Memory consumption went from 104.7 MB to 103.2 MB.
Total: 10.078300 ms (FindLiveObjects: 0.469000 ms CreateObjectMapping: 0.457700 ms MarkObjects: 7.322200 ms  DeleteObjects: 1.828300 ms)

========================================================================
Received Import Request.
  Time since last request: 636478.569733 seconds.
  path: Assets/BOKI/LowPolyNature/Models/wall_3.fbx
  artifactKey: Guid(1e3cb5bbb27ffc441a1636a2985ee77d) Importer(815301076,1909f56bfc062723c751e8b465ee728b)
Start importing Assets/BOKI/LowPolyNature/Models/wall_3.fbx using Guid(1e3cb5bbb27ffc441a1636a2985ee77d) Importer(815301076,1909f56bfc062723c751e8b465ee728b) (PreviewImporter) -> (artifact id: '38f7c78b1784d975d726ef2b01ef480a') in 0.2160234 seconds
Number of updated asset objects reloaded before import = 0Number of asset objects unloaded after import = 9

========================================================================
Received Import Request.
  Time since last request: 0.000039 seconds.
  path: Assets/BOKI/LowPolyNature/Models/fisherman.fbx
  artifactKey: Guid(bb6d2f14174786343a31fc9dea400c61) Importer(815301076,1909f56bfc062723c751e8b465ee728b)
Start importing Assets/BOKI/LowPolyNature/Models/fisherman.fbx using Guid(bb6d2f14174786343a31fc9dea400c61) Importer(815301076,1909f56bfc062723c751e8b465ee728b) (PreviewImporter) -> (artifact id: '89d25056898d47898763cc9963ef84e9') in 0.2312658 seconds
Number of updated asset objects reloaded before import = 0Number of asset objects unloaded after import = 111

========================================================================
Received Import Request.
  Time since last request: 0.000039 seconds.
  path: Assets/BOKI/LowPolyNature/Models/rock_9.fbx
  artifactKey: Guid(24c04046f4ad3604b89c5749ca212b0b) Importer(815301076,1909f56bfc062723c751e8b465ee728b)
Start importing Assets/BOKI/LowPolyNature/Models/rock_9.fbx using Guid(24c04046f4ad3604b89c5749ca212b0b) Importer(815301076,1909f56bfc062723c751e8b465ee728b) (PreviewImporter) -> (artifact id: '063fbfb0624c2b94be1f739fd89e1a8c') in 0.0226314 seconds
Number of updated asset objects reloaded before import = 0Number of asset objects unloaded after import = 9

========================================================================
Received Import Request.
  Time since last request: 0.000020 seconds.
  path: Assets/BOKI/LowPolyNature/Models/wall_2.fbx
  artifactKey: Guid(cbfa63384a817374e94038243826e23c) Importer(815301076,1909f56bfc062723c751e8b465ee728b)
Start importing Assets/BOKI/LowPolyNature/Models/wall_2.fbx using Guid(cbfa63384a817374e94038243826e23c) Importer(815301076,1909f56bfc062723c751e8b465ee728b) (PreviewImporter) -> (artifact id: '3e1f507330d6c7f0e41aff5d1f2447df') in 0.0243285 seconds
Number of updated asset objects reloaded before import = 0Number of asset objects unloaded after import = 9

========================================================================
Received Import Request.
  Time since last request: 0.000025 seconds.
  path: Assets/BOKI/LowPolyNature/Models/flower_1.fbx
  artifactKey: Guid(ff07268d894a31241a95ef21d7367000) Importer(815301076,1909f56bfc062723c751e8b465ee728b)
Start importing Assets/BOKI/LowPolyNature/Models/flower_1.fbx using Guid(ff07268d894a31241a95ef21d7367000) Importer(815301076,1909f56bfc062723c751e8b465ee728b) (PreviewImporter) -> (artifact id: '984a79c62aaec36b1c998b022983dd65') in 0.0227148 seconds
Number of updated asset objects reloaded before import = 0Number of asset objects unloaded after import = 9

========================================================================
Received Import Request.
  Time since last request: 0.000026 seconds.
  path: Assets/BOKI/LowPolyNature/Models/rock_3.fbx
  artifactKey: Guid(dc3ddfe8856137b42b8915788aa4e7bb) Importer(815301076,1909f56bfc062723c751e8b465ee728b)
Start importing Assets/BOKI/LowPolyNature/Models/rock_3.fbx using Guid(dc3ddfe8856137b42b8915788aa4e7bb) Importer(815301076,1909f56bfc062723c751e8b465ee728b) (PreviewImporter) -> (artifact id: '55581f59fd9f65fa14c057a0a8e81f85') in 0.023873 seconds
Number of updated asset objects reloaded before import = 0Number of asset objects unloaded after import = 9

========================================================================
Received Import Request.
  Time since last request: 0.000018 seconds.
  path: Assets/BOKI/LowPolyNature/Models/flower_5.fbx
  artifactKey: Guid(28cf281a0c031754c85100160c70391b) Importer(815301076,1909f56bfc062723c751e8b465ee728b)
Start importing Assets/BOKI/LowPolyNature/Models/flower_5.fbx using Guid(28cf281a0c031754c85100160c70391b) Importer(815301076,1909f56bfc062723c751e8b465ee728b) (PreviewImporter) -> (artifact id: '2611c03109b290195ffefef8d8212dd8') in 0.0233765 seconds
Number of updated asset objects reloaded before import = 0Number of asset objects unloaded after import = 9

========================================================================
Received Import Request.
  Time since last request: 0.000026 seconds.
  path: Assets/BOKI/LowPolyNature/Models/mushroom_3.fbx
  artifactKey: Guid(d0e3d93918b0dc143b8d8c1486fa8003) Importer(815301076,1909f56bfc062723c751e8b465ee728b)
Start importing Assets/BOKI/LowPolyNature/Models/mushroom_3.fbx using Guid(d0e3d93918b0dc143b8d8c1486fa8003) Importer(815301076,1909f56bfc062723c751e8b465ee728b) (PreviewImporter) -> (artifact id: '29727c2ad7a8ea89b8577b3a02b5143d') in 0.0217157 seconds
Number of updated asset objects reloaded before import = 0Number of asset objects unloaded after import = 9

========================================================================
Received Import Request.
  Time since last request: 0.000021 seconds.
  path: Assets/BOKI/LowPolyNature/Models/rock_10.fbx
  artifactKey: Guid(d696af26c6be9df429fd273dc4485225) Importer(815301076,1909f56bfc062723c751e8b465ee728b)
Start importing Assets/BOKI/LowPolyNature/Models/rock_10.fbx using Guid(d696af26c6be9df429fd273dc4485225) Importer(815301076,1909f56bfc062723c751e8b465ee728b) (PreviewImporter) -> (artifact id: '5880e4e1316ead58a32c77498961d7e3') in 0.0241663 seconds
Number of updated asset objects reloaded before import = 0Number of asset objects unloaded after import = 9

========================================================================
Received Import Request.
  Time since last request: 0.000019 seconds.
  path: Assets/BOKI/LowPolyNature/Models/rock_5.fbx
  artifactKey: Guid(07a34784924c67f48ba5acb8240f91cb) Importer(815301076,1909f56bfc062723c751e8b465ee728b)
Start importing Assets/BOKI/LowPolyNature/Models/rock_5.fbx using Guid(07a34784924c67f48ba5acb8240f91cb) Importer(815301076,1909f56bfc062723c751e8b465ee728b) (PreviewImporter) -> (artifact id: '27503682ab94036779ddf3950a1c4717') in 0.0221979 seconds
Number of updated asset objects reloaded before import = 0Number of asset objects unloaded after import = 9

========================================================================
Received Import Request.
  Time since last request: 0.000025 seconds.
  path: Assets/BOKI/LowPolyNature/Models/grass_6.fbx
  artifactKey: Guid(9c0231f14a1a65c4ea460b6c554a1914) Importer(815301076,1909f56bfc062723c751e8b465ee728b)
Start importing Assets/BOKI/LowPolyNature/Models/grass_6.fbx using Guid(9c0231f14a1a65c4ea460b6c554a1914) Importer(815301076,1909f56bfc062723c751e8b465ee728b) (PreviewImporter) -> (artifact id: '88551ea41a27f71416de68bde221c545') in 0.021617 seconds
Number of updated asset objects reloaded before import = 0Number of asset objects unloaded after import = 9

========================================================================
Received Import Request.
  Time since last request: 0.000025 seconds.
  path: Assets/BOKI/LowPolyNature/Models/rock_1.fbx
  artifactKey: Guid(7c8d248b8b26a48478d9f24108a8e322) Importer(815301076,1909f56bfc062723c751e8b465ee728b)
Start importing Assets/BOKI/LowPolyNature/Models/rock_1.fbx using Guid(7c8d248b8b26a48478d9f24108a8e322) Importer(815301076,1909f56bfc062723c751e8b465ee728b) (PreviewImporter) -> (artifact id: '4d8e0a5c475c0542385c06ac7230aa0d') in 0.0213619 seconds
Number of updated asset objects reloaded before import = 0Number of asset objects unloaded after import = 9

Editor requested this worker to shutdown with reason: Scaling down because of idle timeout
AssetImportWorker is now disconnected from the server
Process exiting
Exiting without the bug reporter. Application will terminate with return code 0