Using pre-set license
Built from '2023.2/staging' branch; Version is '2023.2.20f1 (0e25a174756c) revision 927137'; Using compiler version '193431935'; Build Type 'Release'
OS: 'Windows 10  (10.0.19045) 64bit CoreSingleLanguage' Language: 'en' Physical Memory: 16150 MB
BatchMode: 1, IsHumanControllingUs: 0, StartBugReporterOnCrash: 0, Is64bit: 1, IsPro: 1

COMMAND LINE ARGUMENTS:
C:\Program Files\Unity Versions\2023.2.20f1\Editor\Unity.exe
-adb2
-batchMode
-noUpm
-name
AssetImportWorker2
-projectPath
C:/Users/HP/Documents/GitHub/OUA-MezuniyetBootcamp-UnityGrup107
-logFile
Logs/AssetImportWorker2.log
-srvPort
61180
-job-worker-count
5
-background-job-worker-count
8
-asset-garbage-collectors
1
Successfully changed project path to: C:/Users/HP/Documents/GitHub/OUA-MezuniyetBootcamp-UnityGrup107
C:/Users/HP/Documents/GitHub/OUA-MezuniyetBootcamp-UnityGrup107
[UnityMemory] Configuration Parameters - Can be set up in boot.config
    "memorysetup-bucket-allocator-granularity=16"
    "memorysetup-bucket-allocator-bucket-count=8"
    "memorysetup-bucket-allocator-block-size=33554432"
    "memorysetup-bucket-allocator-block-count=8"
    "memorysetup-main-allocator-block-size=16777216"
    "memorysetup-thread-allocator-block-size=16777216"
    "memorysetup-gfx-main-allocator-block-size=16777216"
    "memorysetup-gfx-thread-allocator-block-size=16777216"
    "memorysetup-cache-allocator-block-size=4194304"
    "memorysetup-typetree-allocator-block-size=2097152"
    "memorysetup-profiler-bucket-allocator-granularity=16"
    "memorysetup-profiler-bucket-allocator-bucket-count=8"
    "memorysetup-profiler-bucket-allocator-block-size=33554432"
    "memorysetup-profiler-bucket-allocator-block-count=8"
    "memorysetup-profiler-allocator-block-size=16777216"
    "memorysetup-profiler-editor-allocator-block-size=1048576"
    "memorysetup-temp-allocator-size-main=16777216"
    "memorysetup-job-temp-allocator-block-size=2097152"
    "memorysetup-job-temp-allocator-block-size-background=1048576"
    "memorysetup-job-temp-allocator-reduction-small-platforms=262144"
    "memorysetup-allocator-temp-initial-block-size-main=262144"
    "memorysetup-allocator-temp-initial-block-size-worker=262144"
    "memorysetup-temp-allocator-size-background-worker=32768"
    "memorysetup-temp-allocator-size-job-worker=262144"
    "memorysetup-temp-allocator-size-preload-manager=33554432"
    "memorysetup-temp-allocator-size-nav-mesh-worker=65536"
    "memorysetup-temp-allocator-size-audio-worker=65536"
    "memorysetup-temp-allocator-size-cloud-worker=32768"
    "memorysetup-temp-allocator-size-gi-baking-worker=262144"
    "memorysetup-temp-allocator-size-gi-baking-worker=262144"
    "memorysetup-temp-allocator-size-gi-baking-worker=262144"
    "memorysetup-temp-allocator-size-gi-baking-worker=262144"
    "memorysetup-temp-allocator-size-gfx=262144"
Player connection [30856] Host "[IP] 192.168.1.64 [Port] 0 [Flags] 2 [Guid] 3820795887 [EditorId] 3820795887 [Version] 1048832 [Id] WindowsEditor(7,EST-HP) [Debug] 1 [PackageName] WindowsEditor [ProjectName] Editor" joined multi-casting on [225.0.0.222:54997]...
Player connection [30856] Host "[IP] 192.168.1.64 [Port] 0 [Flags] 2 [Guid] 3820795887 [EditorId] 3820795887 [Version] 1048832 [Id] WindowsEditor(7,EST-HP) [Debug] 1 [PackageName] WindowsEditor [ProjectName] Editor" joined alternative multi-casting on [225.0.0.222:34997]...
JobSystem: Creating JobQueue using job-worker-count value 5
[Physics::Module] Initialized MultithreadedJobDispatcher with 5 workers.
Library Redirect Path: Library/
Refreshing native plugins compatible for Editor in 1.20 ms, found 3 plugins.
Preloading 0 native plugins for Editor in 0.00 ms.
Initialize engine version: 2023.2.20f1 (0e25a174756c)
[Subsystems] Discovering subsystems at path C:/Program Files/Unity Versions/2023.2.20f1/Editor/Data/Resources/UnitySubsystems
[Subsystems] Discovering subsystems at path C:/Users/HP/Documents/GitHub/OUA-MezuniyetBootcamp-UnityGrup107/Assets
GfxDevice: creating device client; kGfxThreadingModeNonThreaded
Direct3D:
    Version:  Direct3D 11.0 [level 11.1]
    Renderer: NVIDIA GeForce RTX 2070 with Max-Q Design (ID=0x1f14)
    Vendor:   NVIDIA
    VRAM:     8006 MB
    Driver:   32.0.15.5599
Initialize mono
Mono path[0] = 'C:/Program Files/Unity Versions/2023.2.20f1/Editor/Data/Managed'
Mono path[1] = 'C:/Program Files/Unity Versions/2023.2.20f1/Editor/Data/MonoBleedingEdge/lib/mono/unityjit-win32'
Mono config path = 'C:/Program Files/Unity Versions/2023.2.20f1/Editor/Data/MonoBleedingEdge/etc'
Using monoOptions --debugger-agent=transport=dt_socket,embedding=1,server=y,suspend=n,address=127.0.0.1:56876
Begin MonoManager ReloadAssembly
Registering precompiled unity dll's ...
Register platform support module: C:/Program Files/Unity Versions/2023.2.20f1/Editor/Data/PlaybackEngines/WindowsStandaloneSupport/UnityEditor.WindowsStandalone.Extensions.dll
Register platform support module: C:/Program Files/Unity Versions/2023.2.20f1/Editor/Data/PlaybackEngines/AndroidPlayer/UnityEditor.Android.Extensions.dll
Registered in 0.004736 seconds.
- Loaded All Assemblies, in  0.548 seconds
Native extension for Android target not found
Android Extension - Scanning For ADB Devices 375 ms
Native extension for WindowsStandalone target not found
Mono: successfully reloaded assembly
- Finished resetting the current domain, in  1.003 seconds
Domain Reload Profiling: 1548ms
	BeginReloadAssembly (176ms)
		ExecutionOrderSort (0ms)
		DisableScriptedObjects (0ms)
		BackupInstance (0ms)
		ReleaseScriptingObjects (0ms)
		CreateAndSetChildDomain (1ms)
	RebuildCommonClasses (50ms)
	RebuildNativeTypeToScriptingClass (15ms)
	initialDomainReloadingComplete (58ms)
	LoadAllAssembliesAndSetupDomain (245ms)
		LoadAssemblies (173ms)
		RebuildTransferFunctionScriptingTraits (0ms)
		AnalyzeDomain (241ms)
			TypeCache.Refresh (240ms)
				TypeCache.ScanAssembly (221ms)
			BuildScriptInfoCaches (0ms)
			ResolveRequiredComponents (1ms)
	FinalizeReload (1004ms)
		ReleaseScriptCaches (0ms)
		RebuildScriptCaches (0ms)
		SetupLoadedEditorAssemblies (930ms)
			LogAssemblyErrors (0ms)
			InitializePlatformSupportModulesInManaged (530ms)
			SetLoadedEditorAssemblies (5ms)
			BeforeProcessingInitializeOnLoad (8ms)
			ProcessInitializeOnLoadAttributes (289ms)
			ProcessInitializeOnLoadMethodAttributes (96ms)
			AfterProcessingInitializeOnLoad (0ms)
			EditorAssembliesLoaded (0ms)
		ExecutionOrderSort2 (0ms)
		AwakeInstancesAfterBackupRestoration (0ms)
========================================================================
Worker process is ready to serve import requests
Import Worker Mode flag is 0x00
Begin MonoManager ReloadAssembly
Symbol file LoadedFromMemory doesn't match image C:\Users\HP\Documents\GitHub\OUA-MezuniyetBootcamp-UnityGrup107\Library\PackageCache\com.unity.visualscripting@1.8.0\Editor\VisualScripting.Core\Dependencies\YamlDotNet\Unity.VisualScripting.YamlDotNet.dll
Symbol file LoadedFromMemory doesn't match image C:\Users\HP\Documents\GitHub\OUA-MezuniyetBootcamp-UnityGrup107\Library\PackageCache\com.unity.visualscripting@1.8.0\Editor\VisualScripting.Core\Dependencies\DotNetZip\Unity.VisualScripting.IonicZip.dll
- Loaded All Assemblies, in  1.349 seconds
Refreshing native plugins compatible for Editor in 1.35 ms, found 3 plugins.
Native extension for Android target not found
Native extension for WindowsStandalone target not found
Mono: successfully reloaded assembly
- Finished resetting the current domain, in  1.220 seconds
Domain Reload Profiling: 2562ms
	BeginReloadAssembly (593ms)
		ExecutionOrderSort (0ms)
		DisableScriptedObjects (9ms)
		BackupInstance (0ms)
		ReleaseScriptingObjects (0ms)
		CreateAndSetChildDomain (49ms)
	RebuildCommonClasses (52ms)
	RebuildNativeTypeToScriptingClass (21ms)
	initialDomainReloadingComplete (62ms)
	LoadAllAssembliesAndSetupDomain (614ms)
		LoadAssemblies (482ms)
		RebuildTransferFunctionScriptingTraits (0ms)
		AnalyzeDomain (289ms)
			TypeCache.Refresh (253ms)
				TypeCache.ScanAssembly (225ms)
			BuildScriptInfoCaches (26ms)
			ResolveRequiredComponents (6ms)
	FinalizeReload (1221ms)
		ReleaseScriptCaches (0ms)
		RebuildScriptCaches (0ms)
		SetupLoadedEditorAssemblies (895ms)
			LogAssemblyErrors (0ms)
			InitializePlatformSupportModulesInManaged (27ms)
			SetLoadedEditorAssemblies (6ms)
			BeforeProcessingInitializeOnLoad (70ms)
			ProcessInitializeOnLoadAttributes (722ms)
			ProcessInitializeOnLoadMethodAttributes (54ms)
			AfterProcessingInitializeOnLoad (16ms)
			EditorAssembliesLoaded (0ms)
		ExecutionOrderSort2 (0ms)
		AwakeInstancesAfterBackupRestoration (16ms)
Launched and connected shader compiler UnityShaderCompiler.exe after 0.01 seconds
Refreshing native plugins compatible for Editor in 1.61 ms, found 3 plugins.
Preloading 0 native plugins for Editor in 0.00 ms.
Unloading 9 Unused Serialized files (Serialized files now loaded: 0)
Unloading 3143 unused Assets / (1.0 MB). Loaded Objects now: 3727.
Memory consumption went from 104.6 MB to 103.6 MB.
Total: 11.906500 ms (FindLiveObjects: 0.557700 ms CreateObjectMapping: 0.700400 ms MarkObjects: 8.941800 ms  DeleteObjects: 1.705300 ms)

========================================================================
Received Import Request.
  Time since last request: 637272.052744 seconds.
  path: Assets/village houses/fbx/full/_pointer_1.fbx
  artifactKey: Guid(16b143a6acaf45f4ea51a6946e28d7c9) Importer(815301076,1909f56bfc062723c751e8b465ee728b)
Start importing Assets/village houses/fbx/full/_pointer_1.fbx using Guid(16b143a6acaf45f4ea51a6946e28d7c9) Importer(815301076,1909f56bfc062723c751e8b465ee728b) (PreviewImporter) -> (artifact id: '153e6e9094c7ad4507073758e93a74a2') in 0.2180691 seconds
Number of updated asset objects reloaded before import = 0Number of asset objects unloaded after import = 9

========================================================================
Received Import Request.
  Time since last request: 0.000031 seconds.
  path: Assets/village houses/fbx/full/_lamp_1.fbx
  artifactKey: Guid(5a27580ed902cd744a0dd5c025f080af) Importer(815301076,1909f56bfc062723c751e8b465ee728b)
Start importing Assets/village houses/fbx/full/_lamp_1.fbx using Guid(5a27580ed902cd744a0dd5c025f080af) Importer(815301076,1909f56bfc062723c751e8b465ee728b) (PreviewImporter) -> (artifact id: 'b1043d750fa35a1b38e08ffbdf359a6b') in 0.0580768 seconds
Number of updated asset objects reloaded before import = 0Number of asset objects unloaded after import = 9

========================================================================
Received Import Request.
  Time since last request: 0.000034 seconds.
  path: Assets/village houses/fbx/full/_SMITHY.fbx
  artifactKey: Guid(3021f2b2b61d63945b4ac25bcb2842b3) Importer(815301076,1909f56bfc062723c751e8b465ee728b)
Start importing Assets/village houses/fbx/full/_SMITHY.fbx using Guid(3021f2b2b61d63945b4ac25bcb2842b3) Importer(815301076,1909f56bfc062723c751e8b465ee728b) (PreviewImporter) -> (artifact id: '99dd598c6e9f602ee58f1bb446c8069b') in 0.0258188 seconds
Number of updated asset objects reloaded before import = 0Number of asset objects unloaded after import = 9

========================================================================
Received Import Request.
  Time since last request: 0.000023 seconds.
  path: Assets/village houses/fbx/full/_winery.fbx
  artifactKey: Guid(a46dfe1e03e743f409e35005b55e9491) Importer(815301076,1909f56bfc062723c751e8b465ee728b)
Start importing Assets/village houses/fbx/full/_winery.fbx using Guid(a46dfe1e03e743f409e35005b55e9491) Importer(815301076,1909f56bfc062723c751e8b465ee728b) (PreviewImporter) -> (artifact id: 'ffa96cd887ed359546816352f03fe82d') in 0.0323831 seconds
Number of updated asset objects reloaded before import = 0Number of asset objects unloaded after import = 9

========================================================================
Received Import Request.
  Time since last request: 0.000031 seconds.
  path: Assets/village houses/fbx/parts/_bridge_edge.fbx
  artifactKey: Guid(ad6d67f489a65d447a3fd6cd11747736) Importer(815301076,1909f56bfc062723c751e8b465ee728b)
Start importing Assets/village houses/fbx/parts/_bridge_edge.fbx using Guid(ad6d67f489a65d447a3fd6cd11747736) Importer(815301076,1909f56bfc062723c751e8b465ee728b) (PreviewImporter) -> (artifact id: '6833f6e7385b390dce4dd755c5d58395') in 0.0288298 seconds
Number of updated asset objects reloaded before import = 0Number of asset objects unloaded after import = 9

========================================================================
Received Import Request.
  Time since last request: 0.000024 seconds.
  path: Assets/village houses/fbx/full/_counter1.fbx
  artifactKey: Guid(b19d3a92a32a7944296d52175db9e09a) Importer(815301076,1909f56bfc062723c751e8b465ee728b)
Start importing Assets/village houses/fbx/full/_counter1.fbx using Guid(b19d3a92a32a7944296d52175db9e09a) Importer(815301076,1909f56bfc062723c751e8b465ee728b) (PreviewImporter) -> (artifact id: '9de487a4e6f15e24b7999857a979768e') in 0.0275343 seconds
Number of updated asset objects reloaded before import = 0Number of asset objects unloaded after import = 9

========================================================================
Received Import Request.
  Time since last request: 0.000044 seconds.
  path: Assets/village houses/fbx/full/_lamp_2.fbx
  artifactKey: Guid(dbf117f1ed771274587a1096ce89fd96) Importer(815301076,1909f56bfc062723c751e8b465ee728b)
Start importing Assets/village houses/fbx/full/_lamp_2.fbx using Guid(dbf117f1ed771274587a1096ce89fd96) Importer(815301076,1909f56bfc062723c751e8b465ee728b) (PreviewImporter) -> (artifact id: 'd99460025088e98e5ee9725097a6d78e') in 0.0325641 seconds
Number of updated asset objects reloaded before import = 0Number of asset objects unloaded after import = 9

========================================================================
Received Import Request.
  Time since last request: 0.000021 seconds.
  path: Assets/village houses/fbx/full/_herbalist_counter.fbx
  artifactKey: Guid(809fd69673f11a646b5290c8f10ad5d8) Importer(815301076,1909f56bfc062723c751e8b465ee728b)
Start importing Assets/village houses/fbx/full/_herbalist_counter.fbx using Guid(809fd69673f11a646b5290c8f10ad5d8) Importer(815301076,1909f56bfc062723c751e8b465ee728b) (PreviewImporter) -> (artifact id: 'ab0046d3f219d6aa11c6a0b46e40f09c') in 0.0302194 seconds
Number of updated asset objects reloaded before import = 0Number of asset objects unloaded after import = 9

========================================================================
Received Import Request.
  Time since last request: 16.116707 seconds.
  path: Assets/terrain/floating islands/FlatPoly Floating Islands/Materials/Floating Islands Base.mat
  artifactKey: Guid(e4684a765ffa43d4caa4ec942f89f91d) Importer(815301076,1909f56bfc062723c751e8b465ee728b)
Start importing Assets/terrain/floating islands/FlatPoly Floating Islands/Materials/Floating Islands Base.mat using Guid(e4684a765ffa43d4caa4ec942f89f91d) Importer(815301076,1909f56bfc062723c751e8b465ee728b) (PreviewImporter) -> (artifact id: '85fceeac2fd044f1e62c71b17c14d2bb') in 0.02206 seconds
Number of updated asset objects reloaded before import = 0Number of asset objects unloaded after import = 2

