Using pre-set license
Built from '2023.2/staging' branch; Version is '2023.2.20f1 (0e25a174756c) revision 927137'; Using compiler version '193431935'; Build Type 'Release'
OS: 'Windows 10  (10.0.19045) 64bit CoreSingleLanguage' Language: 'en' Physical Memory: 16150 MB
BatchMode: 1, IsHumanControllingUs: 0, StartBugReporterOnCrash: 0, Is64bit: 1, IsPro: 1

COMMAND LINE ARGUMENTS:
C:\Program Files\Unity Versions\2023.2.20f1\Editor\Unity.exe
-adb2
-batchMode
-noUpm
-name
AssetImportWorker4
-projectPath
C:/Users/HP/Documents/GitHub/OUA-MezuniyetBootcamp-UnityGrup107
-logFile
Logs/AssetImportWorker4.log
-srvPort
60661
-job-worker-count
5
-background-job-worker-count
8
-asset-garbage-collectors
1
Successfully changed project path to: C:/Users/HP/Documents/GitHub/OUA-MezuniyetBootcamp-UnityGrup107
C:/Users/HP/Documents/GitHub/OUA-MezuniyetBootcamp-UnityGrup107
[UnityMemory] Configuration Parameters - Can be set up in boot.config
    "memorysetup-bucket-allocator-granularity=16"
    "memorysetup-bucket-allocator-bucket-count=8"
    "memorysetup-bucket-allocator-block-size=33554432"
    "memorysetup-bucket-allocator-block-count=8"
    "memorysetup-main-allocator-block-size=16777216"
    "memorysetup-thread-allocator-block-size=16777216"
    "memorysetup-gfx-main-allocator-block-size=16777216"
    "memorysetup-gfx-thread-allocator-block-size=16777216"
    "memorysetup-cache-allocator-block-size=4194304"
    "memorysetup-typetree-allocator-block-size=2097152"
    "memorysetup-profiler-bucket-allocator-granularity=16"
    "memorysetup-profiler-bucket-allocator-bucket-count=8"
    "memorysetup-profiler-bucket-allocator-block-size=33554432"
    "memorysetup-profiler-bucket-allocator-block-count=8"
    "memorysetup-profiler-allocator-block-size=16777216"
    "memorysetup-profiler-editor-allocator-block-size=1048576"
    "memorysetup-temp-allocator-size-main=16777216"
    "memorysetup-job-temp-allocator-block-size=2097152"
    "memorysetup-job-temp-allocator-block-size-background=1048576"
    "memorysetup-job-temp-allocator-reduction-small-platforms=262144"
    "memorysetup-allocator-temp-initial-block-size-main=262144"
    "memorysetup-allocator-temp-initial-block-size-worker=262144"
    "memorysetup-temp-allocator-size-background-worker=32768"
    "memorysetup-temp-allocator-size-job-worker=262144"
    "memorysetup-temp-allocator-size-preload-manager=33554432"
    "memorysetup-temp-allocator-size-nav-mesh-worker=65536"
    "memorysetup-temp-allocator-size-audio-worker=65536"
    "memorysetup-temp-allocator-size-cloud-worker=32768"
    "memorysetup-temp-allocator-size-gi-baking-worker=262144"
    "memorysetup-temp-allocator-size-gi-baking-worker=262144"
    "memorysetup-temp-allocator-size-gi-baking-worker=262144"
    "memorysetup-temp-allocator-size-gi-baking-worker=262144"
    "memorysetup-temp-allocator-size-gfx=262144"
Player connection [24728] Host "[IP] 192.168.1.64 [Port] 0 [Flags] 2 [Guid] 2167505304 [EditorId] 2167505304 [Version] 1048832 [Id] WindowsEditor(7,EST-HP) [Debug] 1 [PackageName] WindowsEditor [ProjectName] Editor" joined multi-casting on [225.0.0.222:54997]...
Player connection [24728] Host "[IP] 192.168.1.64 [Port] 0 [Flags] 2 [Guid] 2167505304 [EditorId] 2167505304 [Version] 1048832 [Id] WindowsEditor(7,EST-HP) [Debug] 1 [PackageName] WindowsEditor [ProjectName] Editor" joined alternative multi-casting on [225.0.0.222:34997]...
JobSystem: Creating JobQueue using job-worker-count value 5
[Physics::Module] Initialized MultithreadedJobDispatcher with 5 workers.
Library Redirect Path: Library/
Refreshing native plugins compatible for Editor in 1.37 ms, found 3 plugins.
Preloading 0 native plugins for Editor in 0.00 ms.
Initialize engine version: 2023.2.20f1 (0e25a174756c)
[Subsystems] Discovering subsystems at path C:/Program Files/Unity Versions/2023.2.20f1/Editor/Data/Resources/UnitySubsystems
[Subsystems] Discovering subsystems at path C:/Users/HP/Documents/GitHub/OUA-MezuniyetBootcamp-UnityGrup107/Assets
GfxDevice: creating device client; kGfxThreadingModeNonThreaded
Direct3D:
    Version:  Direct3D 11.0 [level 11.1]
    Renderer: NVIDIA GeForce RTX 2070 with Max-Q Design (ID=0x1f14)
    Vendor:   NVIDIA
    VRAM:     8006 MB
    Driver:   32.0.15.5599
Initialize mono
Mono path[0] = 'C:/Program Files/Unity Versions/2023.2.20f1/Editor/Data/Managed'
Mono path[1] = 'C:/Program Files/Unity Versions/2023.2.20f1/Editor/Data/MonoBleedingEdge/lib/mono/unityjit-win32'
Mono config path = 'C:/Program Files/Unity Versions/2023.2.20f1/Editor/Data/MonoBleedingEdge/etc'
Using monoOptions --debugger-agent=transport=dt_socket,embedding=1,server=y,suspend=n,address=127.0.0.1:56760
Begin MonoManager ReloadAssembly
Registering precompiled unity dll's ...
Register platform support module: C:/Program Files/Unity Versions/2023.2.20f1/Editor/Data/PlaybackEngines/WindowsStandaloneSupport/UnityEditor.WindowsStandalone.Extensions.dll
Register platform support module: C:/Program Files/Unity Versions/2023.2.20f1/Editor/Data/PlaybackEngines/AndroidPlayer/UnityEditor.Android.Extensions.dll
Registered in 0.005645 seconds.
- Loaded All Assemblies, in  0.473 seconds
Native extension for Android target not found
Android Extension - Scanning For ADB Devices 254 ms
Native extension for WindowsStandalone target not found
Mono: successfully reloaded assembly
- Finished resetting the current domain, in  0.690 seconds
Domain Reload Profiling: 1160ms
	BeginReloadAssembly (153ms)
		ExecutionOrderSort (0ms)
		DisableScriptedObjects (0ms)
		BackupInstance (0ms)
		ReleaseScriptingObjects (0ms)
		CreateAndSetChildDomain (1ms)
	RebuildCommonClasses (44ms)
	RebuildNativeTypeToScriptingClass (16ms)
	initialDomainReloadingComplete (61ms)
	LoadAllAssembliesAndSetupDomain (195ms)
		LoadAssemblies (150ms)
		RebuildTransferFunctionScriptingTraits (0ms)
		AnalyzeDomain (192ms)
			TypeCache.Refresh (190ms)
				TypeCache.ScanAssembly (175ms)
			BuildScriptInfoCaches (0ms)
			ResolveRequiredComponents (0ms)
	FinalizeReload (691ms)
		ReleaseScriptCaches (0ms)
		RebuildScriptCaches (0ms)
		SetupLoadedEditorAssemblies (628ms)
			LogAssemblyErrors (0ms)
			InitializePlatformSupportModulesInManaged (378ms)
			SetLoadedEditorAssemblies (4ms)
			BeforeProcessingInitializeOnLoad (6ms)
			ProcessInitializeOnLoadAttributes (179ms)
			ProcessInitializeOnLoadMethodAttributes (61ms)
			AfterProcessingInitializeOnLoad (0ms)
			EditorAssembliesLoaded (0ms)
		ExecutionOrderSort2 (0ms)
		AwakeInstancesAfterBackupRestoration (0ms)
========================================================================
Worker process is ready to serve import requests
Import Worker Mode flag is 0x00
Begin MonoManager ReloadAssembly
Symbol file LoadedFromMemory doesn't match image C:\Users\HP\Documents\GitHub\OUA-MezuniyetBootcamp-UnityGrup107\Library\PackageCache\com.unity.visualscripting@1.8.0\Editor\VisualScripting.Core\Dependencies\YamlDotNet\Unity.VisualScripting.YamlDotNet.dll
Symbol file LoadedFromMemory doesn't match image C:\Users\HP\Documents\GitHub\OUA-MezuniyetBootcamp-UnityGrup107\Library\PackageCache\com.unity.visualscripting@1.8.0\Editor\VisualScripting.Core\Dependencies\DotNetZip\Unity.VisualScripting.IonicZip.dll
- Loaded All Assemblies, in  1.073 seconds
Refreshing native plugins compatible for Editor in 0.88 ms, found 3 plugins.
Native extension for Android target not found
Native extension for WindowsStandalone target not found
Mono: successfully reloaded assembly
- Finished resetting the current domain, in  0.688 seconds
Domain Reload Profiling: 1755ms
	BeginReloadAssembly (460ms)
		ExecutionOrderSort (0ms)
		DisableScriptedObjects (7ms)
		BackupInstance (0ms)
		ReleaseScriptingObjects (0ms)
		CreateAndSetChildDomain (34ms)
	RebuildCommonClasses (52ms)
	RebuildNativeTypeToScriptingClass (24ms)
	initialDomainReloadingComplete (54ms)
	LoadAllAssembliesAndSetupDomain (478ms)
		LoadAssemblies (380ms)
		RebuildTransferFunctionScriptingTraits (0ms)
		AnalyzeDomain (226ms)
			TypeCache.Refresh (193ms)
				TypeCache.ScanAssembly (174ms)
			BuildScriptInfoCaches (25ms)
			ResolveRequiredComponents (5ms)
	FinalizeReload (688ms)
		ReleaseScriptCaches (0ms)
		RebuildScriptCaches (0ms)
		SetupLoadedEditorAssemblies (454ms)
			LogAssemblyErrors (0ms)
			InitializePlatformSupportModulesInManaged (23ms)
			SetLoadedEditorAssemblies (5ms)
			BeforeProcessingInitializeOnLoad (47ms)
			ProcessInitializeOnLoadAttributes (346ms)
			ProcessInitializeOnLoadMethodAttributes (25ms)
			AfterProcessingInitializeOnLoad (8ms)
			EditorAssembliesLoaded (0ms)
		ExecutionOrderSort2 (0ms)
		AwakeInstancesAfterBackupRestoration (11ms)
Launched and connected shader compiler UnityShaderCompiler.exe after 0.01 seconds
Refreshing native plugins compatible for Editor in 0.87 ms, found 3 plugins.
Preloading 0 native plugins for Editor in 0.00 ms.
Unloading 9 Unused Serialized files (Serialized files now loaded: 0)
Unloading 3146 unused Assets / (1.0 MB). Loaded Objects now: 3730.
Memory consumption went from 104.8 MB to 103.8 MB.
Total: 5.446600 ms (FindLiveObjects: 0.380500 ms CreateObjectMapping: 0.341700 ms MarkObjects: 3.854600 ms  DeleteObjects: 0.869000 ms)

========================================================================
Received Import Request.
  Time since last request: 636785.558918 seconds.
  path: Assets/BOKI/LowPolyNature/Models/fisherman.fbx
  artifactKey: Guid(bb6d2f14174786343a31fc9dea400c61) Importer(815301076,1909f56bfc062723c751e8b465ee728b)
Start importing Assets/BOKI/LowPolyNature/Models/fisherman.fbx using Guid(bb6d2f14174786343a31fc9dea400c61) Importer(815301076,1909f56bfc062723c751e8b465ee728b) (PreviewImporter) -> (artifact id: '6e1d2707db24bb6d18c5af00b042724f') in 0.1744077 seconds
Number of updated asset objects reloaded before import = 0Number of asset objects unloaded after import = 109

========================================================================
Received Import Request.
  Time since last request: 7.541937 seconds.
  path: Assets/terrain/cliff_4.fbx
  artifactKey: Guid(3d09ca5c1b802b34180459867bfe8d17) Importer(815301076,1909f56bfc062723c751e8b465ee728b)
Start importing Assets/terrain/cliff_4.fbx using Guid(3d09ca5c1b802b34180459867bfe8d17) Importer(815301076,1909f56bfc062723c751e8b465ee728b) (PreviewImporter) -> (artifact id: '56fdd786706512521c5674107fc477af') in 0.0864098 seconds
Number of updated asset objects reloaded before import = 0Number of asset objects unloaded after import = 8

========================================================================
Received Import Request.
  Time since last request: 0.000026 seconds.
  path: Assets/terrain/mountain_snow_1.fbx
  artifactKey: Guid(f32333db396645044a4e2f74b66a7acd) Importer(815301076,1909f56bfc062723c751e8b465ee728b)
Start importing Assets/terrain/mountain_snow_1.fbx using Guid(f32333db396645044a4e2f74b66a7acd) Importer(815301076,1909f56bfc062723c751e8b465ee728b) (PreviewImporter) -> (artifact id: '5c6b41a1488e5bd831ab4f189e67c7ac') in 0.0212712 seconds
Number of updated asset objects reloaded before import = 0Number of asset objects unloaded after import = 8

========================================================================
Received Import Request.
  Time since last request: 55.719004 seconds.
  path: Assets/terrain/mountain_snow_1 1.fbx
  artifactKey: Guid(3198001adb14b6641a9692954101651f) Importer(815301076,1909f56bfc062723c751e8b465ee728b)
Start importing Assets/terrain/mountain_snow_1 1.fbx using Guid(3198001adb14b6641a9692954101651f) Importer(815301076,1909f56bfc062723c751e8b465ee728b) (PreviewImporter) -> (artifact id: 'a6ff70a6a3717afcb512a510f3de3c34') in 0.0197151 seconds
Number of updated asset objects reloaded before import = 0Number of asset objects unloaded after import = 9

========================================================================
Received Import Request.
  Time since last request: 0.031797 seconds.
  path: Assets/terrain/cliff_3 1.fbx
  artifactKey: Guid(bf6f4e6db546310428c96bc9fdf13d87) Importer(815301076,1909f56bfc062723c751e8b465ee728b)
Start importing Assets/terrain/cliff_3 1.fbx using Guid(bf6f4e6db546310428c96bc9fdf13d87) Importer(815301076,1909f56bfc062723c751e8b465ee728b) (PreviewImporter) -> (artifact id: '37687b747af2bed0901fa36376cac953') in 0.0123851 seconds
Number of updated asset objects reloaded before import = 0Number of asset objects unloaded after import = 9

========================================================================
Received Import Request.
  Time since last request: 0.000017 seconds.
  path: Assets/terrain/rock_9 1.fbx
  artifactKey: Guid(24c04046f4ad3604b89c5749ca212b0b) Importer(815301076,1909f56bfc062723c751e8b465ee728b)
Start importing Assets/terrain/rock_9 1.fbx using Guid(24c04046f4ad3604b89c5749ca212b0b) Importer(815301076,1909f56bfc062723c751e8b465ee728b) (PreviewImporter) -> (artifact id: '01c1ba09a286792356ee337a5463d905') in 0.0116179 seconds
Number of updated asset objects reloaded before import = 0Number of asset objects unloaded after import = 9

========================================================================
Received Import Request.
  Time since last request: 0.000017 seconds.
  path: Assets/terrain/rock_2 2.fbx
  artifactKey: Guid(fcdb3a14f4bbd3b41b0baa0ab6c75c75) Importer(815301076,1909f56bfc062723c751e8b465ee728b)
Start importing Assets/terrain/rock_2 2.fbx using Guid(fcdb3a14f4bbd3b41b0baa0ab6c75c75) Importer(815301076,1909f56bfc062723c751e8b465ee728b) (PreviewImporter) -> (artifact id: '1d877f33c3995de5d460040f5e2f6503') in 0.0115071 seconds
Number of updated asset objects reloaded before import = 0Number of asset objects unloaded after import = 9

========================================================================
Received Import Request.
  Time since last request: 0.000021 seconds.
  path: Assets/terrain/rock_3 2.fbx
  artifactKey: Guid(dc3ddfe8856137b42b8915788aa4e7bb) Importer(815301076,1909f56bfc062723c751e8b465ee728b)
Start importing Assets/terrain/rock_3 2.fbx using Guid(dc3ddfe8856137b42b8915788aa4e7bb) Importer(815301076,1909f56bfc062723c751e8b465ee728b) (PreviewImporter) -> (artifact id: '623287987459da2379364a7e691e0b84') in 0.015117 seconds
Number of updated asset objects reloaded before import = 0Number of asset objects unloaded after import = 9

========================================================================
Received Import Request.
  Time since last request: 0.000016 seconds.
  path: Assets/terrain/rock_10 1.fbx
  artifactKey: Guid(d696af26c6be9df429fd273dc4485225) Importer(815301076,1909f56bfc062723c751e8b465ee728b)
Start importing Assets/terrain/rock_10 1.fbx using Guid(d696af26c6be9df429fd273dc4485225) Importer(815301076,1909f56bfc062723c751e8b465ee728b) (PreviewImporter) -> (artifact id: '8aaee6c045d7ce8ef5b57eb5b79bc005') in 0.0201151 seconds
Number of updated asset objects reloaded before import = 0Number of asset objects unloaded after import = 9

========================================================================
Received Import Request.
  Time since last request: 0.000026 seconds.
  path: Assets/terrain/rock_7 1.fbx
  artifactKey: Guid(c49efda56c343034eba1fe644d7e9b8e) Importer(815301076,1909f56bfc062723c751e8b465ee728b)
Start importing Assets/terrain/rock_7 1.fbx using Guid(c49efda56c343034eba1fe644d7e9b8e) Importer(815301076,1909f56bfc062723c751e8b465ee728b) (PreviewImporter) -> (artifact id: '6899347831e99e3f2a5aa4824cfadb90') in 0.0237272 seconds
Number of updated asset objects reloaded before import = 0Number of asset objects unloaded after import = 9

========================================================================
Received Import Request.
  Time since last request: 95.367103 seconds.
  path: Assets/BOKI/LowPolyNature/Prefabs
  artifactKey: Guid(b4f0bcb7de618ea49813a661a4449392) Importer(815301076,1909f56bfc062723c751e8b465ee728b)
Start importing Assets/BOKI/LowPolyNature/Prefabs using Guid(b4f0bcb7de618ea49813a661a4449392) Importer(815301076,1909f56bfc062723c751e8b465ee728b) (PreviewImporter) -> (artifact id: '1a885b520a47db16444d48e520922a37') in 0.0005739 seconds
Number of updated asset objects reloaded before import = 0Number of asset objects unloaded after import = 0

========================================================================
Received Prepare
Begin MonoManager ReloadAssembly
Symbol file LoadedFromMemory doesn't match image C:\Users\HP\Documents\GitHub\OUA-MezuniyetBootcamp-UnityGrup107\Library\PackageCache\com.unity.visualscripting@1.8.0\Editor\VisualScripting.Core\Dependencies\YamlDotNet\Unity.VisualScripting.YamlDotNet.dll
Symbol file LoadedFromMemory doesn't match image C:\Users\HP\Documents\GitHub\OUA-MezuniyetBootcamp-UnityGrup107\Library\PackageCache\com.unity.visualscripting@1.8.0\Editor\VisualScripting.Core\Dependencies\DotNetZip\Unity.VisualScripting.IonicZip.dll
- Loaded All Assemblies, in  0.781 seconds
Refreshing native plugins compatible for Editor in 1.21 ms, found 3 plugins.
Native extension for Android target not found
Native extension for WindowsStandalone target not found
Mono: successfully reloaded assembly
- Finished resetting the current domain, in  0.879 seconds
Domain Reload Profiling: 1656ms
	BeginReloadAssembly (232ms)
		ExecutionOrderSort (0ms)
		DisableScriptedObjects (6ms)
		BackupInstance (0ms)
		ReleaseScriptingObjects (0ms)
		CreateAndSetChildDomain (53ms)
	RebuildCommonClasses (45ms)
	RebuildNativeTypeToScriptingClass (19ms)
	initialDomainReloadingComplete (44ms)
	LoadAllAssembliesAndSetupDomain (435ms)
		LoadAssemblies (380ms)
		RebuildTransferFunctionScriptingTraits (0ms)
		AnalyzeDomain (183ms)
			TypeCache.Refresh (7ms)
				TypeCache.ScanAssembly (0ms)
			BuildScriptInfoCaches (167ms)
			ResolveRequiredComponents (5ms)
	FinalizeReload (880ms)
		ReleaseScriptCaches (0ms)
		RebuildScriptCaches (0ms)
		SetupLoadedEditorAssemblies (566ms)
			LogAssemblyErrors (0ms)
			InitializePlatformSupportModulesInManaged (23ms)
			SetLoadedEditorAssemblies (5ms)
			BeforeProcessingInitializeOnLoad (52ms)
			ProcessInitializeOnLoadAttributes (438ms)
			ProcessInitializeOnLoadMethodAttributes (36ms)
			AfterProcessingInitializeOnLoad (12ms)
			EditorAssembliesLoaded (0ms)
		ExecutionOrderSort2 (0ms)
		AwakeInstancesAfterBackupRestoration (18ms)
Refreshing native plugins compatible for Editor in 1.25 ms, found 3 plugins.
Preloading 0 native plugins for Editor in 0.00 ms.
Unloading 0 Unused Serialized files (Serialized files now loaded: 0)
Unloading 3144 unused Assets / (1.0 MB). Loaded Objects now: 3776.
Memory consumption went from 115.9 MB to 115.0 MB.
Total: 8.098200 ms (FindLiveObjects: 0.454500 ms CreateObjectMapping: 0.584100 ms MarkObjects: 5.736200 ms  DeleteObjects: 1.322400 ms)

Prepare: number of updated asset objects reloaded= 0
========================================================================
Received Import Request.
  Time since last request: 38.973726 seconds.
  path: Assets/BOKI/LowPolyNature/Scripts
  artifactKey: Guid(c765d91f33eefbf4bb54fb566cc10029) Importer(815301076,1909f56bfc062723c751e8b465ee728b)
Start importing Assets/BOKI/LowPolyNature/Scripts using Guid(c765d91f33eefbf4bb54fb566cc10029) Importer(815301076,1909f56bfc062723c751e8b465ee728b) (PreviewImporter) -> (artifact id: '1daa2b94c86c2cdfef8e66b0154af6a4') in 0.0022703 seconds
Number of updated asset objects reloaded before import = 0Number of asset objects unloaded after import = 0

========================================================================
Received Prepare
Refreshing native plugins compatible for Editor in 0.98 ms, found 3 plugins.
Preloading 0 native plugins for Editor in 0.00 ms.
Unloading 0 Unused Serialized files (Serialized files now loaded: 0)
Unloading 3136 unused Assets / (0.9 MB). Loaded Objects now: 3773.
Memory consumption went from 116.1 MB to 115.3 MB.
Total: 5.174000 ms (FindLiveObjects: 0.367400 ms CreateObjectMapping: 0.379100 ms MarkObjects: 3.590800 ms  DeleteObjects: 0.835800 ms)

Prepare: number of updated asset objects reloaded= 0
========================================================================
Received Prepare
Begin MonoManager ReloadAssembly
Symbol file LoadedFromMemory doesn't match image C:\Users\HP\Documents\GitHub\OUA-MezuniyetBootcamp-UnityGrup107\Library\PackageCache\com.unity.visualscripting@1.8.0\Editor\VisualScripting.Core\Dependencies\YamlDotNet\Unity.VisualScripting.YamlDotNet.dll
Symbol file LoadedFromMemory doesn't match image C:\Users\HP\Documents\GitHub\OUA-MezuniyetBootcamp-UnityGrup107\Library\PackageCache\com.unity.visualscripting@1.8.0\Editor\VisualScripting.Core\Dependencies\DotNetZip\Unity.VisualScripting.IonicZip.dll
- Loaded All Assemblies, in  0.764 seconds
Refreshing native plugins compatible for Editor in 1.03 ms, found 3 plugins.
Native extension for Android target not found
Native extension for WindowsStandalone target not found
Mono: successfully reloaded assembly
- Finished resetting the current domain, in  0.738 seconds
Domain Reload Profiling: 1499ms
	BeginReloadAssembly (231ms)
		ExecutionOrderSort (0ms)
		DisableScriptedObjects (7ms)
		BackupInstance (0ms)
		ReleaseScriptingObjects (0ms)
		CreateAndSetChildDomain (49ms)
	RebuildCommonClasses (52ms)
	RebuildNativeTypeToScriptingClass (21ms)
	initialDomainReloadingComplete (32ms)
	LoadAllAssembliesAndSetupDomain (425ms)
		LoadAssemblies (384ms)
		RebuildTransferFunctionScriptingTraits (0ms)
		AnalyzeDomain (174ms)
			TypeCache.Refresh (10ms)
				TypeCache.ScanAssembly (0ms)
			BuildScriptInfoCaches (156ms)
			ResolveRequiredComponents (5ms)
	FinalizeReload (739ms)
		ReleaseScriptCaches (0ms)
		RebuildScriptCaches (0ms)
		SetupLoadedEditorAssemblies (465ms)
			LogAssemblyErrors (0ms)
			InitializePlatformSupportModulesInManaged (23ms)
			SetLoadedEditorAssemblies (5ms)
			BeforeProcessingInitializeOnLoad (55ms)
			ProcessInitializeOnLoadAttributes (348ms)
			ProcessInitializeOnLoadMethodAttributes (25ms)
			AfterProcessingInitializeOnLoad (10ms)
			EditorAssembliesLoaded (0ms)
		ExecutionOrderSort2 (0ms)
		AwakeInstancesAfterBackupRestoration (10ms)
Refreshing native plugins compatible for Editor in 0.96 ms, found 3 plugins.
Preloading 0 native plugins for Editor in 0.00 ms.
Unloading 0 Unused Serialized files (Serialized files now loaded: 0)
Unloading 3141 unused Assets / (0.9 MB). Loaded Objects now: 3773.
Memory consumption went from 117.9 MB to 117.0 MB.
Total: 5.563100 ms (FindLiveObjects: 0.385500 ms CreateObjectMapping: 0.368300 ms MarkObjects: 3.920200 ms  DeleteObjects: 0.888400 ms)

Prepare: number of updated asset objects reloaded= 0
========================================================================
Received Import Request.
  Time since last request: 18.939934 seconds.
  path: Assets/BOKI/LowPolyNature/Settings
  artifactKey: Guid(dd987d5967a2cfa44901d970d8d4ce72) Importer(815301076,1909f56bfc062723c751e8b465ee728b)
Start importing Assets/BOKI/LowPolyNature/Settings using Guid(dd987d5967a2cfa44901d970d8d4ce72) Importer(815301076,1909f56bfc062723c751e8b465ee728b) (PreviewImporter) -> (artifact id: '886f54832309acb79cdb5c1a15e871a5') in 0.0026354 seconds
Number of updated asset objects reloaded before import = 0Number of asset objects unloaded after import = 0

========================================================================
Received Import Request.
  Time since last request: 54.738078 seconds.
  path: Assets/Scenes/gradient_color_palate.mat
  artifactKey: Guid(736fa3bc7a8fcd94285040052bc293ec) Importer(815301076,1909f56bfc062723c751e8b465ee728b)
Start importing Assets/Scenes/gradient_color_palate.mat using Guid(736fa3bc7a8fcd94285040052bc293ec) Importer(815301076,1909f56bfc062723c751e8b465ee728b) (PreviewImporter) -> (artifact id: 'f08643d3b9023af4ab3571b39d81fad9') in 0.1069149 seconds
Number of updated asset objects reloaded before import = 0Number of asset objects unloaded after import = 1

========================================================================
Received Import Request.
  Time since last request: 11.456058 seconds.
  path: Assets/terrain/cliff_1.fbx
  artifactKey: Guid(8ff5ff16b45aa2947841a0fe9bd9aa55) Importer(815301076,1909f56bfc062723c751e8b465ee728b)
Start importing Assets/terrain/cliff_1.fbx using Guid(8ff5ff16b45aa2947841a0fe9bd9aa55) Importer(815301076,1909f56bfc062723c751e8b465ee728b) (PreviewImporter) -> (artifact id: '30aa31091df5275200895ec3af52834e') in 0.0553452 seconds
Number of updated asset objects reloaded before import = 0Number of asset objects unloaded after import = 7

========================================================================
Received Import Request.
  Time since last request: 0.000019 seconds.
  path: Assets/terrain/mountain_snow_1 1.fbx
  artifactKey: Guid(3198001adb14b6641a9692954101651f) Importer(815301076,1909f56bfc062723c751e8b465ee728b)
Start importing Assets/terrain/mountain_snow_1 1.fbx using Guid(3198001adb14b6641a9692954101651f) Importer(815301076,1909f56bfc062723c751e8b465ee728b) (PreviewImporter) -> (artifact id: '7114eb491cf0a7db1ef629889d91fd5a') in 0.0329499 seconds
Number of updated asset objects reloaded before import = 0Number of asset objects unloaded after import = 8

========================================================================
Received Import Request.
  Time since last request: 0.000020 seconds.
  path: Assets/terrain/rock_7.fbx
  artifactKey: Guid(9106c3bbfeca5e545854269deae21dea) Importer(815301076,1909f56bfc062723c751e8b465ee728b)
Start importing Assets/terrain/rock_7.fbx using Guid(9106c3bbfeca5e545854269deae21dea) Importer(815301076,1909f56bfc062723c751e8b465ee728b) (PreviewImporter) -> (artifact id: 'ffb05e2548a7ba77e6f4b1a65258c053') in 0.0532058 seconds
Number of updated asset objects reloaded before import = 0Number of asset objects unloaded after import = 7

========================================================================
Received Import Request.
  Time since last request: 0.000028 seconds.
  path: Assets/terrain/rock_2 2.fbx
  artifactKey: Guid(fcdb3a14f4bbd3b41b0baa0ab6c75c75) Importer(815301076,1909f56bfc062723c751e8b465ee728b)
Start importing Assets/terrain/rock_2 2.fbx using Guid(fcdb3a14f4bbd3b41b0baa0ab6c75c75) Importer(815301076,1909f56bfc062723c751e8b465ee728b) (PreviewImporter) -> (artifact id: '2c52ed6a63340bb02c752bc5bfd25487') in 0.0211292 seconds
Number of updated asset objects reloaded before import = 0Number of asset objects unloaded after import = 7

========================================================================
Received Import Request.
  Time since last request: 0.000021 seconds.
  path: Assets/terrain/mountain_1 1.fbx
  artifactKey: Guid(e730090da2488c04ca5e49785ab540b9) Importer(815301076,1909f56bfc062723c751e8b465ee728b)
Start importing Assets/terrain/mountain_1 1.fbx using Guid(e730090da2488c04ca5e49785ab540b9) Importer(815301076,1909f56bfc062723c751e8b465ee728b) (PreviewImporter) -> (artifact id: 'e136f7967024251584bc32ec337d4f25') in 0.025652 seconds
Number of updated asset objects reloaded before import = 0Number of asset objects unloaded after import = 8

========================================================================
Received Import Request.
  Time since last request: 0.000023 seconds.
  path: Assets/terrain/rock_3 2.fbx
  artifactKey: Guid(dc3ddfe8856137b42b8915788aa4e7bb) Importer(815301076,1909f56bfc062723c751e8b465ee728b)
Start importing Assets/terrain/rock_3 2.fbx using Guid(dc3ddfe8856137b42b8915788aa4e7bb) Importer(815301076,1909f56bfc062723c751e8b465ee728b) (PreviewImporter) -> (artifact id: '6ada189c41566117566ea309007bebc9') in 0.0193059 seconds
Number of updated asset objects reloaded before import = 0Number of asset objects unloaded after import = 7

========================================================================
Received Import Request.
  Time since last request: 0.000027 seconds.
  path: Assets/terrain/cliff_5 1.fbx
  artifactKey: Guid(dac459845209bf24198646d051433cd3) Importer(815301076,1909f56bfc062723c751e8b465ee728b)
Start importing Assets/terrain/cliff_5 1.fbx using Guid(dac459845209bf24198646d051433cd3) Importer(815301076,1909f56bfc062723c751e8b465ee728b) (PreviewImporter) -> (artifact id: '7359b0f863f57a2dce0c4321e562985a') in 0.0270761 seconds
Number of updated asset objects reloaded before import = 0Number of asset objects unloaded after import = 8

========================================================================
Received Import Request.
  Time since last request: 0.000034 seconds.
  path: Assets/terrain/rock_4 2.fbx
  artifactKey: Guid(7dc124c5feea9804aa8dacf48905b7b9) Importer(815301076,1909f56bfc062723c751e8b465ee728b)
Start importing Assets/terrain/rock_4 2.fbx using Guid(7dc124c5feea9804aa8dacf48905b7b9) Importer(815301076,1909f56bfc062723c751e8b465ee728b) (PreviewImporter) -> (artifact id: 'a1f18f4865800131b2dc268f9353d529') in 0.0192948 seconds
Number of updated asset objects reloaded before import = 0Number of asset objects unloaded after import = 7

========================================================================
Received Import Request.
  Time since last request: 0.000059 seconds.
  path: Assets/terrain/rock_10 1.fbx
  artifactKey: Guid(d696af26c6be9df429fd273dc4485225) Importer(815301076,1909f56bfc062723c751e8b465ee728b)
Start importing Assets/terrain/rock_10 1.fbx using Guid(d696af26c6be9df429fd273dc4485225) Importer(815301076,1909f56bfc062723c751e8b465ee728b) (PreviewImporter) -> (artifact id: 'ae7a27d40df2ecbfd876403456f528c3') in 0.0194517 seconds
Number of updated asset objects reloaded before import = 0Number of asset objects unloaded after import = 7

========================================================================
Received Import Request.
  Time since last request: 0.000025 seconds.
  path: Assets/terrain/rock_5 2.fbx
  artifactKey: Guid(07a34784924c67f48ba5acb8240f91cb) Importer(815301076,1909f56bfc062723c751e8b465ee728b)
Start importing Assets/terrain/rock_5 2.fbx using Guid(07a34784924c67f48ba5acb8240f91cb) Importer(815301076,1909f56bfc062723c751e8b465ee728b) (PreviewImporter) -> (artifact id: '605a63a28de8a9c3415110e684982eb9') in 0.0202402 seconds
Number of updated asset objects reloaded before import = 0Number of asset objects unloaded after import = 7

========================================================================
Received Import Request.
  Time since last request: 0.000024 seconds.
  path: Assets/terrain/rock_1 2.fbx
  artifactKey: Guid(7c8d248b8b26a48478d9f24108a8e322) Importer(815301076,1909f56bfc062723c751e8b465ee728b)
Start importing Assets/terrain/rock_1 2.fbx using Guid(7c8d248b8b26a48478d9f24108a8e322) Importer(815301076,1909f56bfc062723c751e8b465ee728b) (PreviewImporter) -> (artifact id: 'e39f3444517bfc76673c729c24499f28') in 0.0216316 seconds
Number of updated asset objects reloaded before import = 0Number of asset objects unloaded after import = 7

========================================================================
Received Import Request.
  Time since last request: 0.000028 seconds.
  path: Assets/terrain/cliff_4 1.fbx
  artifactKey: Guid(b8843d55dcbcdf34b8a916d67e230e00) Importer(815301076,1909f56bfc062723c751e8b465ee728b)
Start importing Assets/terrain/cliff_4 1.fbx using Guid(b8843d55dcbcdf34b8a916d67e230e00) Importer(815301076,1909f56bfc062723c751e8b465ee728b) (PreviewImporter) -> (artifact id: '3b2aef8c4ea2836488c204f5d6e55cd9') in 0.0240098 seconds
Number of updated asset objects reloaded before import = 0Number of asset objects unloaded after import = 8

========================================================================
Received Import Request.
  Time since last request: 68.416317 seconds.
  path: Assets/terrain/gradient_color_palate.mat
  artifactKey: Guid(736fa3bc7a8fcd94285040052bc293ec) Importer(815301076,1909f56bfc062723c751e8b465ee728b)
Start importing Assets/terrain/gradient_color_palate.mat using Guid(736fa3bc7a8fcd94285040052bc293ec) Importer(815301076,1909f56bfc062723c751e8b465ee728b) (PreviewImporter) -> (artifact id: '634a8a29612c57c65e945d88160f8903') in 0.0126397 seconds
Number of updated asset objects reloaded before import = 0Number of asset objects unloaded after import = 1

========================================================================
Received Prepare
Refreshing native plugins compatible for Editor in 0.82 ms, found 3 plugins.
Preloading 0 native plugins for Editor in 0.00 ms.
Unloading 0 Unused Serialized files (Serialized files now loaded: 0)
Unloading 3136 unused Assets / (0.9 MB). Loaded Objects now: 3774.
Memory consumption went from 118.2 MB to 117.3 MB.
Total: 5.927200 ms (FindLiveObjects: 0.430800 ms CreateObjectMapping: 0.373200 ms MarkObjects: 4.249200 ms  DeleteObjects: 0.873200 ms)

Prepare: number of updated asset objects reloaded= 0
========================================================================
Received Prepare
Begin MonoManager ReloadAssembly
Symbol file LoadedFromMemory doesn't match image C:\Users\HP\Documents\GitHub\OUA-MezuniyetBootcamp-UnityGrup107\Library\PackageCache\com.unity.visualscripting@1.8.0\Editor\VisualScripting.Core\Dependencies\YamlDotNet\Unity.VisualScripting.YamlDotNet.dll
Symbol file LoadedFromMemory doesn't match image C:\Users\HP\Documents\GitHub\OUA-MezuniyetBootcamp-UnityGrup107\Library\PackageCache\com.unity.visualscripting@1.8.0\Editor\VisualScripting.Core\Dependencies\DotNetZip\Unity.VisualScripting.IonicZip.dll
- Loaded All Assemblies, in  0.776 seconds
Refreshing native plugins compatible for Editor in 1.07 ms, found 3 plugins.
Native extension for Android target not found
Native extension for WindowsStandalone target not found
Mono: successfully reloaded assembly
- Finished resetting the current domain, in  0.785 seconds
Domain Reload Profiling: 1555ms
	BeginReloadAssembly (227ms)
		ExecutionOrderSort (0ms)
		DisableScriptedObjects (6ms)
		BackupInstance (0ms)
		ReleaseScriptingObjects (0ms)
		CreateAndSetChildDomain (42ms)
	RebuildCommonClasses (45ms)
	RebuildNativeTypeToScriptingClass (17ms)
	initialDomainReloadingComplete (38ms)
	LoadAllAssembliesAndSetupDomain (444ms)
		LoadAssemblies (393ms)
		RebuildTransferFunctionScriptingTraits (0ms)
		AnalyzeDomain (187ms)
			TypeCache.Refresh (9ms)
				TypeCache.ScanAssembly (0ms)
			BuildScriptInfoCaches (170ms)
			ResolveRequiredComponents (5ms)
	FinalizeReload (785ms)
		ReleaseScriptCaches (0ms)
		RebuildScriptCaches (0ms)
		SetupLoadedEditorAssemblies (504ms)
			LogAssemblyErrors (0ms)
			InitializePlatformSupportModulesInManaged (27ms)
			SetLoadedEditorAssemblies (6ms)
			BeforeProcessingInitializeOnLoad (54ms)
			ProcessInitializeOnLoadAttributes (379ms)
			ProcessInitializeOnLoadMethodAttributes (26ms)
			AfterProcessingInitializeOnLoad (12ms)
			EditorAssembliesLoaded (0ms)
		ExecutionOrderSort2 (0ms)
		AwakeInstancesAfterBackupRestoration (12ms)
Refreshing native plugins compatible for Editor in 0.93 ms, found 3 plugins.
Preloading 0 native plugins for Editor in 0.00 ms.
Unloading 0 Unused Serialized files (Serialized files now loaded: 0)
Unloading 3141 unused Assets / (0.9 MB). Loaded Objects now: 3773.
Memory consumption went from 119.8 MB to 118.9 MB.
Total: 6.151800 ms (FindLiveObjects: 0.398400 ms CreateObjectMapping: 0.360400 ms MarkObjects: 4.265000 ms  DeleteObjects: 1.126800 ms)

Prepare: number of updated asset objects reloaded= 0
========================================================================
Received Prepare
Refreshing native plugins compatible for Editor in 0.86 ms, found 3 plugins.
Preloading 0 native plugins for Editor in 0.00 ms.
Unloading 0 Unused Serialized files (Serialized files now loaded: 0)
Unloading 3136 unused Assets / (0.9 MB). Loaded Objects now: 3773.
Memory consumption went from 120.0 MB to 119.1 MB.
Total: 5.728800 ms (FindLiveObjects: 0.378300 ms CreateObjectMapping: 0.418300 ms MarkObjects: 4.017100 ms  DeleteObjects: 0.913800 ms)

Prepare: number of updated asset objects reloaded= 0
========================================================================
Received Prepare
Begin MonoManager ReloadAssembly
Symbol file LoadedFromMemory doesn't match image C:\Users\HP\Documents\GitHub\OUA-MezuniyetBootcamp-UnityGrup107\Library\PackageCache\com.unity.visualscripting@1.8.0\Editor\VisualScripting.Core\Dependencies\YamlDotNet\Unity.VisualScripting.YamlDotNet.dll
Symbol file LoadedFromMemory doesn't match image C:\Users\HP\Documents\GitHub\OUA-MezuniyetBootcamp-UnityGrup107\Library\PackageCache\com.unity.visualscripting@1.8.0\Editor\VisualScripting.Core\Dependencies\DotNetZip\Unity.VisualScripting.IonicZip.dll
- Loaded All Assemblies, in  0.751 seconds
Refreshing native plugins compatible for Editor in 0.96 ms, found 3 plugins.
Native extension for Android target not found
Native extension for WindowsStandalone target not found
Mono: successfully reloaded assembly
- Finished resetting the current domain, in  0.787 seconds
Domain Reload Profiling: 1534ms
	BeginReloadAssembly (229ms)
		ExecutionOrderSort (0ms)
		DisableScriptedObjects (6ms)
		BackupInstance (0ms)
		ReleaseScriptingObjects (0ms)
		CreateAndSetChildDomain (44ms)
	RebuildCommonClasses (43ms)
	RebuildNativeTypeToScriptingClass (17ms)
	initialDomainReloadingComplete (34ms)
	LoadAllAssembliesAndSetupDomain (424ms)
		LoadAssemblies (375ms)
		RebuildTransferFunctionScriptingTraits (0ms)
		AnalyzeDomain (181ms)
			TypeCache.Refresh (9ms)
				TypeCache.ScanAssembly (0ms)
			BuildScriptInfoCaches (163ms)
			ResolveRequiredComponents (6ms)
	FinalizeReload (787ms)
		ReleaseScriptCaches (0ms)
		RebuildScriptCaches (0ms)
		SetupLoadedEditorAssemblies (512ms)
			LogAssemblyErrors (0ms)
			InitializePlatformSupportModulesInManaged (29ms)
			SetLoadedEditorAssemblies (8ms)
			BeforeProcessingInitializeOnLoad (59ms)
			ProcessInitializeOnLoadAttributes (382ms)
			ProcessInitializeOnLoadMethodAttributes (26ms)
			AfterProcessingInitializeOnLoad (9ms)
			EditorAssembliesLoaded (0ms)
		ExecutionOrderSort2 (0ms)
		AwakeInstancesAfterBackupRestoration (11ms)
Refreshing native plugins compatible for Editor in 1.02 ms, found 3 plugins.
Preloading 0 native plugins for Editor in 0.00 ms.
Unloading 0 Unused Serialized files (Serialized files now loaded: 0)
Unloading 3141 unused Assets / (0.9 MB). Loaded Objects now: 3773.
Memory consumption went from 121.7 MB to 120.9 MB.
Total: 5.753500 ms (FindLiveObjects: 0.389500 ms CreateObjectMapping: 0.373200 ms MarkObjects: 4.115200 ms  DeleteObjects: 0.874700 ms)

Prepare: number of updated asset objects reloaded= 0
